[2026-04-29 10:30:22] local.ERROR: The C:\Users\dimas\Downloads\gasngalam_web_malang_fixed (1)\gasngalam_malang\backend\bootstrap\cache directory must be present and writable. {"exception":"[object] (Exception(code: 0): The C:\\Users\\dimas\\Downloads\\gasngalam_web_malang_fixed (1)\\gasngalam_malang\\backend\\bootstrap\\cache directory must be present and writable. at C:/Users/dimas/Downloads/gasngalam_web_malang_fixed (1)/gasngalam_malang/backend/vendor/laravel/framework/src/Illuminate/Foundation/PackageManifest.php:179)
[stacktrace]
#0 C:/Users/dimas/Downloads/gasngalam_web_malang_fixed (1)/gasngalam_malang/backend/vendor/laravel/framework/src/Illuminate/Foundation/PackageManifest.php(132): Illuminate/Foundation/PackageManifest->write()
#1 C:/Users/dimas/Downloads/gasngalam_web_malang_fixed (1)/gasngalam_malang/backend/vendor/laravel/framework/src/Illuminate/Foundation/PackageManifest.php(108): Illuminate/Foundation/PackageManifest->build()
#2 C:/Users/dimas/Downloads/gasngalam_web_malang_fixed (1)/gasngalam_malang/backend/vendor/laravel/framework/src/Illuminate/Foundation/PackageManifest.php(90): Illuminate/Foundation/PackageManifest->getManifest()
#3 C:/Users/dimas/Downloads/gasngalam_web_malang_fixed (1)/gasngalam_malang/backend/vendor/laravel/framework/src/Illuminate/Foundation/PackageManifest.php(79): Illuminate/Foundation/PackageManifest->config()
#4 C:/Users/dimas/Downloads/gasngalam_web_malang_fixed (1)/gasngalam_malang/backend/vendor/laravel/framework/src/Illuminate/Foundation/Bootstrap/RegisterFacades.php(26): Illuminate/Foundation/PackageManifest->aliases()
#5 C:/Users/dimas/Downloads/gasngalam_web_malang_fixed (1)/gasngalam_malang/backend/vendor/laravel/framework/src/Illuminate/Foundation/Application.php(342): Illuminate/Foundation/Bootstrap/RegisterFacades->bootstrap()
#6 C:/Users/dimas/Downloads/gasngalam_web_malang_fixed (1)/gasngalam_malang/backend/vendor/laravel/framework/src/Illuminate/Foundation/Console/Kernel.php(494): Illuminate/Foundation/Application->bootstrapWith()
#7 C:/Users/dimas/Downloads/gasngalam_web_malang_fixed (1)/gasngalam_malang/backend/vendor/laravel/framework/src/Illuminate/Foundation/Console/Kernel.php(196): Illuminate/Foundation/Console/Kernel->bootstrap()
#8 C:/Users/dimas/Downloads/gasngalam_web_malang_fixed (1)/gasngalam_malang/backend/vendor/laravel/framework/src/Illuminate/Foundation/Application.php(1235): Illuminate/Foundation/Console/Kernel->handle()
#9 C:/Users/dimas/Downloads/gasngalam_web_malang_fixed (1)/gasngalam_malang/backend/artisan(16): Illuminate/Foundation/Application->handleCommand()
#10 {main}
"} 
[2026-04-29 10:32:37] local.ERROR: The C:\Users\dimas\Downloads\gasngalam_web_malang_fixed (1)\gasngalam_malang\backend\bootstrap\cache directory must be present and writable. {"exception":"[object] (Exception(code: 0): The C:\\Users\\dimas\\Downloads\\gasngalam_web_malang_fixed (1)\\gasngalam_malang\\backend\\bootstrap\\cache directory must be present and writable. at C:/Users/dimas/Downloads/gasngalam_web_malang_fixed (1)/gasngalam_malang/backend/vendor/laravel/framework/src/Illuminate/Foundation/PackageManifest.php:179)
[stacktrace]
#0 C:/Users/dimas/Downloads/gasngalam_web_malang_fixed (1)/gasngalam_malang/backend/vendor/laravel/framework/src/Illuminate/Foundation/PackageManifest.php(132): Illuminate/Foundation/PackageManifest->write()
#1 C:/Users/dimas/Downloads/gasngalam_web_malang_fixed (1)/gasngalam_malang/backend/vendor/laravel/framework/src/Illuminate/Foundation/PackageManifest.php(108): Illuminate/Foundation/PackageManifest->build()
#2 C:/Users/dimas/Downloads/gasngalam_web_malang_fixed (1)/gasngalam_malang/backend/vendor/laravel/framework/src/Illuminate/Foundation/PackageManifest.php(90): Illuminate/Foundation/PackageManifest->getManifest()
#3 C:/Users/dimas/Downloads/gasngalam_web_malang_fixed (1)/gasngalam_malang/backend/vendor/laravel/framework/src/Illuminate/Foundation/PackageManifest.php(79): Illuminate/Foundation/PackageManifest->config()
#4 C:/Users/dimas/Downloads/gasngalam_web_malang_fixed (1)/gasngalam_malang/backend/vendor/laravel/framework/src/Illuminate/Foundation/Bootstrap/RegisterFacades.php(26): Illuminate/Foundation/PackageManifest->aliases()
#5 C:/Users/dimas/Downloads/gasngalam_web_malang_fixed (1)/gasngalam_malang/backend/vendor/laravel/framework/src/Illuminate/Foundation/Application.php(342): Illuminate/Foundation/Bootstrap/RegisterFacades->bootstrap()
#6 C:/Users/dimas/Downloads/gasngalam_web_malang_fixed (1)/gasngalam_malang/backend/vendor/laravel/framework/src/Illuminate/Foundation/Console/Kernel.php(494): Illuminate/Foundation/Application->bootstrapWith()
#7 C:/Users/dimas/Downloads/gasngalam_web_malang_fixed (1)/gasngalam_malang/backend/vendor/laravel/framework/src/Illuminate/Foundation/Console/Kernel.php(196): Illuminate/Foundation/Console/Kernel->bootstrap()
#8 C:/Users/dimas/Downloads/gasngalam_web_malang_fixed (1)/gasngalam_malang/backend/vendor/laravel/framework/src/Illuminate/Foundation/Application.php(1235): Illuminate/Foundation/Console/Kernel->handle()
#9 C:/Users/dimas/Downloads/gasngalam_web_malang_fixed (1)/gasngalam_malang/backend/artisan(16): Illuminate/Foundation/Application->handleCommand()
#10 {main}
"} 
[2026-04-29 10:33:37] local.ERROR: SQLSTATE[23000]: Integrity constraint violation: 1062 Duplicate entry 'admin@gasngalam.com' for key 'users_email_unique' (Connection: mysql, Host: 127.0.0.1, Port: 3306, Database: gasngalam, SQL: insert into `users` (`name`, `email`, `password`, `phone`, `role`, `updated_at`, `created_at`) values (Admin GasNgalam, admin@gasngalam.com, $2y$12$3YWHpqFjfFRTdj0.tAT8xOIK34wne94ltHO7nPvu.BWaku5S0xwFa, 081234567890, admin, 2026-04-29 10:33:36, 2026-04-29 10:33:36)) {"exception":"[object] (Illuminate\\Database\\UniqueConstraintViolationException(code: 23000): SQLSTATE[23000]: Integrity constraint violation: 1062 Duplicate entry 'admin@gasngalam.com' for key 'users_email_unique' (Connection: mysql, Host: 127.0.0.1, Port: 3306, Database: gasngalam, SQL: insert into `users` (`name`, `email`, `password`, `phone`, `role`, `updated_at`, `created_at`) values (Admin GasNgalam, admin@gasngalam.com, $2y$12$3YWHpqFjfFRTdj0.tAT8xOIK34wne94ltHO7nPvu.BWaku5S0xwFa, 081234567890, admin, 2026-04-29 10:33:36, 2026-04-29 10:33:36)) at C:/Users/dimas/Downloads/gasngalam_web_malang_fixed (1)/gasngalam_malang/backend/vendor/laravel/framework/src/Illuminate/Database/Connection.php:841)
[stacktrace]
#0 C:/Users/dimas/Downloads/gasngalam_web_malang_fixed (1)/gasngalam_malang/backend/vendor/laravel/framework/src/Illuminate/Database/Connection.php(797): Illuminate/Database/Connection->runQueryCallback()
#1 C:/Users/dimas/Downloads/gasngalam_web_malang_fixed (1)/gasngalam_malang/backend/vendor/laravel/framework/src/Illuminate/Database/MySqlConnection.php(42): Illuminate/Database/Connection->run()
#2 C:/Users/dimas/Downloads/gasngalam_web_malang_fixed (1)/gasngalam_malang/backend/vendor/laravel/framework/src/Illuminate/Database/Query/Processors/MySqlProcessor.php(35): Illuminate/Database/MySqlConnection->insert()
#3 C:/Users/dimas/Downloads/gasngalam_web_malang_fixed (1)/gasngalam_malang/backend/vendor/laravel/framework/src/Illuminate/Database/Query/Builder.php(4246): Illuminate/Database/Query/Processors/MySqlProcessor->processInsertGetId()
#4 C:/Users/dimas/Downloads/gasngalam_web_malang_fixed (1)/gasngalam_malang/backend/vendor/laravel/framework/src/Illuminate/Database/Eloquent/Builder.php(2270): Illuminate/Database/Query/Builder->insertGetId()
#5 C:/Users/dimas/Downloads/gasngalam_web_malang_fixed (1)/gasngalam_malang/backend/vendor/laravel/framework/src/Illuminate/Database/Eloquent/Model.php(1660): Illuminate/Database/Eloquent/Builder->__call()
#6 C:/Users/dimas/Downloads/gasngalam_web_malang_fixed (1)/gasngalam_malang/backend/vendor/laravel/framework/src/Illuminate/Database/Eloquent/Model.php(1576): Illuminate/Database/Eloquent/Model->insertAndSetId()
#7 C:/Users/dimas/Downloads/gasngalam_web_malang_fixed (1)/gasngalam_malang/backend/vendor/laravel/framework/src/Illuminate/Database/Eloquent/Model.php(1380): Illuminate/Database/Eloquent/Model->performInsert()
#8 C:/Users/dimas/Downloads/gasngalam_web_malang_fixed (1)/gasngalam_malang/backend/vendor/laravel/framework/src/Illuminate/Database/Eloquent/Builder.php(1224): Illuminate/Database/Eloquent/Model->save()
#9 C:/Users/dimas/Downloads/gasngalam_web_malang_fixed (1)/gasngalam_malang/backend/vendor/laravel/framework/src/Illuminate/Support/helpers.php(393): Illuminate/Database/Eloquent/Builder->{closure:Illuminate/Database/Eloquent/Builder::create():1223}()
#10 C:/Users/dimas/Downloads/gasngalam_web_malang_fixed (1)/gasngalam_malang/backend/vendor/laravel/framework/src/Illuminate/Database/Eloquent/Builder.php(1223): tap()
#11 C:/Users/dimas/Downloads/gasngalam_web_malang_fixed (1)/gasngalam_malang/backend/vendor/laravel/framework/src/Illuminate/Support/Traits/ForwardsCalls.php(23): Illuminate/Database/Eloquent/Builder->create()
#12 C:/Users/dimas/Downloads/gasngalam_web_malang_fixed (1)/gasngalam_malang/backend/vendor/laravel/framework/src/Illuminate/Database/Eloquent/Model.php(2803): Illuminate/Database/Eloquent/Model->forwardCallTo()
#13 C:/Users/dimas/Downloads/gasngalam_web_malang_fixed (1)/gasngalam_malang/backend/vendor/laravel/framework/src/Illuminate/Database/Eloquent/Model.php(2819): Illuminate/Database/Eloquent/Model->__call()
#14 C:/Users/dimas/Downloads/gasngalam_web_malang_fixed (1)/gasngalam_malang/backend/database/seeders/DatabaseSeeder.php(16): Illuminate/Database/Eloquent/Model::__callStatic()
#15 C:/Users/dimas/Downloads/gasngalam_web_malang_fixed (1)/gasngalam_malang/backend/vendor/laravel/framework/src/Illuminate/Container/BoundMethod.php(36): Database/Seeders/DatabaseSeeder->run()
#16 C:/Users/dimas/Downloads/gasngalam_web_malang_fixed (1)/gasngalam_malang/backend/vendor/laravel/framework/src/Illuminate/Container/Util.php(43): Illuminate/Container/BoundMethod::{closure:Illuminate/Container/BoundMethod::call():35}()
#17 C:/Users/dimas/Downloads/gasngalam_web_malang_fixed (1)/gasngalam_malang/backend/vendor/laravel/framework/src/Illuminate/Container/BoundMethod.php(96): Illuminate/Container/Util::unwrapIfClosure()
#18 C:/Users/dimas/Downloads/gasngalam_web_malang_fixed (1)/gasngalam_malang/backend/vendor/laravel/framework/src/Illuminate/Container/BoundMethod.php(35): Illuminate/Container/BoundMethod::callBoundMethod()
#19 C:/Users/dimas/Downloads/gasngalam_web_malang_fixed (1)/gasngalam_malang/backend/vendor/laravel/framework/src/Illuminate/Container/Container.php(799): Illuminate/Container/BoundMethod::call()
#20 C:/Users/dimas/Downloads/gasngalam_web_malang_fixed (1)/gasngalam_malang/backend/vendor/laravel/framework/src/Illuminate/Database/Seeder.php(184): Illuminate/Container/Container->call()
#21 C:/Users/dimas/Downloads/gasngalam_web_malang_fixed (1)/gasngalam_malang/backend/vendor/laravel/framework/src/Illuminate/Database/Eloquent/Concerns/HasEvents.php(454): Illuminate/Database/Seeder->{closure:Illuminate/Database/Seeder::__invoke():183}()
#22 C:/Users/dimas/Downloads/gasngalam_web_malang_fixed (1)/gasngalam_malang/backend/vendor/laravel/framework/src/Illuminate/Database/Console/Seeds/WithoutModelEvents.php(17): Illuminate/Database/Eloquent/Model::withoutEvents()
#23 C:/Users/dimas/Downloads/gasngalam_web_malang_fixed (1)/gasngalam_malang/backend/vendor/laravel/framework/src/Illuminate/Database/Seeder.php(191): Database/Seeders/DatabaseSeeder->{closure:Illuminate/Database/Console/Seeds/WithoutModelEvents::withoutModelEvents():17}()
#24 C:/Users/dimas/Downloads/gasngalam_web_malang_fixed (1)/gasngalam_malang/backend/vendor/laravel/framework/src/Illuminate/Database/Console/Seeds/SeedCommand.php(71): Illuminate/Database/Seeder->__invoke()
#25 C:/Users/dimas/Downloads/gasngalam_web_malang_fixed (1)/gasngalam_malang/backend/vendor/laravel/framework/src/Illuminate/Database/Eloquent/Concerns/GuardsAttributes.php(181): Illuminate/Database/Console/Seeds/SeedCommand->{closure:Illuminate/Database/Console/Seeds/SeedCommand::handle():70}()
#26 C:/Users/dimas/Downloads/gasngalam_web_malang_fixed (1)/gasngalam_malang/backend/vendor/laravel/framework/src/Illuminate/Database/Console/Seeds/SeedCommand.php(70): Illuminate/Database/Eloquent/Model::unguarded()
#27 C:/Users/dimas/Downloads/gasngalam_web_malang_fixed (1)/gasngalam_malang/backend/vendor/laravel/framework/src/Illuminate/Container/BoundMethod.php(36): Illuminate/Database/Console/Seeds/SeedCommand->handle()
#28 C:/Users/dimas/Downloads/gasngalam_web_malang_fixed (1)/gasngalam_malang/backend/vendor/laravel/framework/src/Illuminate/Container/Util.php(43): Illuminate/Container/BoundMethod::{closure:Illuminate/Container/BoundMethod::call():35}()
#29 C:/Users/dimas/Downloads/gasngalam_web_malang_fixed (1)/gasngalam_malang/backend/vendor/laravel/framework/src/Illuminate/Container/BoundMethod.php(96): Illuminate/Container/Util::unwrapIfClosure()
#30 C:/Users/dimas/Downloads/gasngalam_web_malang_fixed (1)/gasngalam_malang/backend/vendor/laravel/framework/src/Illuminate/Container/BoundMethod.php(35): Illuminate/Container/BoundMethod::callBoundMethod()
#31 C:/Users/dimas/Downloads/gasngalam_web_malang_fixed (1)/gasngalam_malang/backend/vendor/laravel/framework/src/Illuminate/Container/Container.php(799): Illuminate/Container/BoundMethod::call()
#32 C:/Users/dimas/Downloads/gasngalam_web_malang_fixed (1)/gasngalam_malang/backend/vendor/laravel/framework/src/Illuminate/Console/Command.php(280): Illuminate/Container/Container->call()
#33 C:/Users/dimas/Downloads/gasngalam_web_malang_fixed (1)/gasngalam_malang/backend/vendor/symfony/console/Command/Command.php(291): Illuminate/Console/Command->execute()
#34 C:/Users/dimas/Downloads/gasngalam_web_malang_fixed (1)/gasngalam_malang/backend/vendor/laravel/framework/src/Illuminate/Console/Command.php(249): Symfony/Component/Console/Command/Command->run()
#35 C:/Users/dimas/Downloads/gasngalam_web_malang_fixed (1)/gasngalam_malang/backend/vendor/laravel/framework/src/Illuminate/Console/Concerns/CallsCommands.php(68): Illuminate/Console/Command->run()
#36 C:/Users/dimas/Downloads/gasngalam_web_malang_fixed (1)/gasngalam_malang/backend/vendor/laravel/framework/src/Illuminate/Console/Concerns/CallsCommands.php(29): Illuminate/Console/Command->runCommand()
#37 C:/Users/dimas/Downloads/gasngalam_web_malang_fixed (1)/gasngalam_malang/backend/vendor/laravel/framework/src/Illuminate/Database/Console/Migrations/MigrateCommand.php(127): Illuminate/Console/Command->call()
#38 C:/Users/dimas/Downloads/gasngalam_web_malang_fixed (1)/gasngalam_malang/backend/vendor/laravel/framework/src/Illuminate/Database/Migrations/Migrator.php(671): Illuminate/Database/Console/Migrations/MigrateCommand->{closure:Illuminate/Database/Console/Migrations/MigrateCommand::runMigrations():111}()
#39 C:/Users/dimas/Downloads/gasngalam_web_malang_fixed (1)/gasngalam_malang/backend/vendor/laravel/framework/src/Illuminate/Database/Console/Migrations/MigrateCommand.php(111): Illuminate/Database/Migrations/Migrator->usingConnection()
#40 C:/Users/dimas/Downloads/gasngalam_web_malang_fixed (1)/gasngalam_malang/backend/vendor/laravel/framework/src/Illuminate/Database/Console/Migrations/MigrateCommand.php(90): Illuminate/Database/Console/Migrations/MigrateCommand->runMigrations()
#41 C:/Users/dimas/Downloads/gasngalam_web_malang_fixed (1)/gasngalam_malang/backend/vendor/laravel/framework/src/Illuminate/Container/BoundMethod.php(36): Illuminate/Database/Console/Migrations/MigrateCommand->handle()
#42 C:/Users/dimas/Downloads/gasngalam_web_malang_fixed (1)/gasngalam_malang/backend/vendor/laravel/framework/src/Illuminate/Container/Util.php(43): Illuminate/Container/BoundMethod::{closure:Illuminate/Container/BoundMethod::call():35}()
#43 C:/Users/dimas/Downloads/gasngalam_web_malang_fixed (1)/gasngalam_malang/backend/vendor/laravel/framework/src/Illuminate/Container/BoundMethod.php(96): Illuminate/Container/Util::unwrapIfClosure()
#44 C:/Users/dimas/Downloads/gasngalam_web_malang_fixed (1)/gasngalam_malang/backend/vendor/laravel/framework/src/Illuminate/Container/BoundMethod.php(35): Illuminate/Container/BoundMethod::callBoundMethod()
#45 C:/Users/dimas/Downloads/gasngalam_web_malang_fixed (1)/gasngalam_malang/backend/vendor/laravel/framework/src/Illuminate/Container/Container.php(799): Illuminate/Container/BoundMethod::call()
#46 C:/Users/dimas/Downloads/gasngalam_web_malang_fixed (1)/gasngalam_malang/backend/vendor/laravel/framework/src/Illuminate/Console/Command.php(280): Illuminate/Container/Container->call()
#47 C:/Users/dimas/Downloads/gasngalam_web_malang_fixed (1)/gasngalam_malang/backend/vendor/symfony/console/Command/Command.php(291): Illuminate/Console/Command->execute()
#48 C:/Users/dimas/Downloads/gasngalam_web_malang_fixed (1)/gasngalam_malang/backend/vendor/laravel/framework/src/Illuminate/Console/Command.php(249): Symfony/Component/Console/Command/Command->run()
#49 C:/Users/dimas/Downloads/gasngalam_web_malang_fixed (1)/gasngalam_malang/backend/vendor/symfony/console/Application.php(1107): Illuminate/Console/Command->run()
#50 C:/Users/dimas/Downloads/gasngalam_web_malang_fixed (1)/gasngalam_malang/backend/vendor/symfony/console/Application.php(356): Symfony/Component/Console/Application->doRunCommand()
#51 C:/Users/dimas/Downloads/gasngalam_web_malang_fixed (1)/gasngalam_malang/backend/vendor/symfony/console/Application.php(195): Symfony/Component/Console/Application->doRun()
#52 C:/Users/dimas/Downloads/gasngalam_web_malang_fixed (1)/gasngalam_malang/backend/vendor/laravel/framework/src/Illuminate/Foundation/Console/Kernel.php(198): Symfony/Component/Console/Application->run()
#53 C:/Users/dimas/Downloads/gasngalam_web_malang_fixed (1)/gasngalam_malang/backend/vendor/laravel/framework/src/Illuminate/Foundation/Application.php(1235): Illuminate/Foundation/Console/Kernel->handle()
#54 C:/Users/dimas/Downloads/gasngalam_web_malang_fixed (1)/gasngalam_malang/backend/artisan(16): Illuminate/Foundation/Application->handleCommand()
#55 {main}

[previous exception] [object] (PDOException(code: 23000): SQLSTATE[23000]: Integrity constraint violation: 1062 Duplicate entry 'admin@gasngalam.com' for key 'users_email_unique' at C:/Users/dimas/Downloads/gasngalam_web_malang_fixed (1)/gasngalam_malang/backend/vendor/laravel/framework/src/Illuminate/Database/MySqlConnection.php:53)
[stacktrace]
#0 C:/Users/dimas/Downloads/gasngalam_web_malang_fixed (1)/gasngalam_malang/backend/vendor/laravel/framework/src/Illuminate/Database/MySqlConnection.php(53): PDOStatement->execute()
#1 C:/Users/dimas/Downloads/gasngalam_web_malang_fixed (1)/gasngalam_malang/backend/vendor/laravel/framework/src/Illuminate/Database/Connection.php(830): Illuminate/Database/MySqlConnection->{closure:Illuminate/Database/MySqlConnection::insert():42}()
#2 C:/Users/dimas/Downloads/gasngalam_web_malang_fixed (1)/gasngalam_malang/backend/vendor/laravel/framework/src/Illuminate/Database/Connection.php(797): Illuminate/Database/Connection->runQueryCallback()
#3 C:/Users/dimas/Downloads/gasngalam_web_malang_fixed (1)/gasngalam_malang/backend/vendor/laravel/framework/src/Illuminate/Database/MySqlConnection.php(42): Illuminate/Database/Connection->run()
#4 C:/Users/dimas/Downloads/gasngalam_web_malang_fixed (1)/gasngalam_malang/backend/vendor/laravel/framework/src/Illuminate/Database/Query/Processors/MySqlProcessor.php(35): Illuminate/Database/MySqlConnection->insert()
#5 C:/Users/dimas/Downloads/gasngalam_web_malang_fixed (1)/gasngalam_malang/backend/vendor/laravel/framework/src/Illuminate/Database/Query/Builder.php(4246): Illuminate/Database/Query/Processors/MySqlProcessor->processInsertGetId()
#6 C:/Users/dimas/Downloads/gasngalam_web_malang_fixed (1)/gasngalam_malang/backend/vendor/laravel/framework/src/Illuminate/Database/Eloquent/Builder.php(2270): Illuminate/Database/Query/Builder->insertGetId()
#7 C:/Users/dimas/Downloads/gasngalam_web_malang_fixed (1)/gasngalam_malang/backend/vendor/laravel/framework/src/Illuminate/Database/Eloquent/Model.php(1660): Illuminate/Database/Eloquent/Builder->__call()
#8 C:/Users/dimas/Downloads/gasngalam_web_malang_fixed (1)/gasngalam_malang/backend/vendor/laravel/framework/src/Illuminate/Database/Eloquent/Model.php(1576): Illuminate/Database/Eloquent/Model->insertAndSetId()
#9 C:/Users/dimas/Downloads/gasngalam_web_malang_fixed (1)/gasngalam_malang/backend/vendor/laravel/framework/src/Illuminate/Database/Eloquent/Model.php(1380): Illuminate/Database/Eloquent/Model->performInsert()
#10 C:/Users/dimas/Downloads/gasngalam_web_malang_fixed (1)/gasngalam_malang/backend/vendor/laravel/framework/src/Illuminate/Database/Eloquent/Builder.php(1224): Illuminate/Database/Eloquent/Model->save()
#11 C:/Users/dimas/Downloads/gasngalam_web_malang_fixed (1)/gasngalam_malang/backend/vendor/laravel/framework/src/Illuminate/Support/helpers.php(393): Illuminate/Database/Eloquent/Builder->{closure:Illuminate/Database/Eloquent/Builder::create():1223}()
#12 C:/Users/dimas/Downloads/gasngalam_web_malang_fixed (1)/gasngalam_malang/backend/vendor/laravel/framework/src/Illuminate/Database/Eloquent/Builder.php(1223): tap()
#13 C:/Users/dimas/Downloads/gasngalam_web_malang_fixed (1)/gasngalam_malang/backend/vendor/laravel/framework/src/Illuminate/Support/Traits/ForwardsCalls.php(23): Illuminate/Database/Eloquent/Builder->create()
#14 C:/Users/dimas/Downloads/gasngalam_web_malang_fixed (1)/gasngalam_malang/backend/vendor/laravel/framework/src/Illuminate/Database/Eloquent/Model.php(2803): Illuminate/Database/Eloquent/Model->forwardCallTo()
#15 C:/Users/dimas/Downloads/gasngalam_web_malang_fixed (1)/gasngalam_malang/backend/vendor/laravel/framework/src/Illuminate/Database/Eloquent/Model.php(2819): Illuminate/Database/Eloquent/Model->__call()
#16 C:/Users/dimas/Downloads/gasngalam_web_malang_fixed (1)/gasngalam_malang/backend/database/seeders/DatabaseSeeder.php(16): Illuminate/Database/Eloquent/Model::__callStatic()
#17 C:/Users/dimas/Downloads/gasngalam_web_malang_fixed (1)/gasngalam_malang/backend/vendor/laravel/framework/src/Illuminate/Container/BoundMethod.php(36): Database/Seeders/DatabaseSeeder->run()
#18 C:/Users/dimas/Downloads/gasngalam_web_malang_fixed (1)/gasngalam_malang/backend/vendor/laravel/framework/src/Illuminate/Container/Util.php(43): Illuminate/Container/BoundMethod::{closure:Illuminate/Container/BoundMethod::call():35}()
#19 C:/Users/dimas/Downloads/gasngalam_web_malang_fixed (1)/gasngalam_malang/backend/vendor/laravel/framework/src/Illuminate/Container/BoundMethod.php(96): Illuminate/Container/Util::unwrapIfClosure()
#20 C:/Users/dimas/Downloads/gasngalam_web_malang_fixed (1)/gasngalam_malang/backend/vendor/laravel/framework/src/Illuminate/Container/BoundMethod.php(35): Illuminate/Container/BoundMethod::callBoundMethod()
#21 C:/Users/dimas/Downloads/gasngalam_web_malang_fixed (1)/gasngalam_malang/backend/vendor/laravel/framework/src/Illuminate/Container/Container.php(799): Illuminate/Container/BoundMethod::call()
#22 C:/Users/dimas/Downloads/gasngalam_web_malang_fixed (1)/gasngalam_malang/backend/vendor/laravel/framework/src/Illuminate/Database/Seeder.php(184): Illuminate/Container/Container->call()
#23 C:/Users/dimas/Downloads/gasngalam_web_malang_fixed (1)/gasngalam_malang/backend/vendor/laravel/framework/src/Illuminate/Database/Eloquent/Concerns/HasEvents.php(454): Illuminate/Database/Seeder->{closure:Illuminate/Database/Seeder::__invoke():183}()
#24 C:/Users/dimas/Downloads/gasngalam_web_malang_fixed (1)/gasngalam_malang/backend/vendor/laravel/framework/src/Illuminate/Database/Console/Seeds/WithoutModelEvents.php(17): Illuminate/Database/Eloquent/Model::withoutEvents()
#25 C:/Users/dimas/Downloads/gasngalam_web_malang_fixed (1)/gasngalam_malang/backend/vendor/laravel/framework/src/Illuminate/Database/Seeder.php(191): Database/Seeders/DatabaseSeeder->{closure:Illuminate/Database/Console/Seeds/WithoutModelEvents::withoutModelEvents():17}()
#26 C:/Users/dimas/Downloads/gasngalam_web_malang_fixed (1)/gasngalam_malang/backend/vendor/laravel/framework/src/Illuminate/Database/Console/Seeds/SeedCommand.php(71): Illuminate/Database/Seeder->__invoke()
#27 C:/Users/dimas/Downloads/gasngalam_web_malang_fixed (1)/gasngalam_malang/backend/vendor/laravel/framework/src/Illuminate/Database/Eloquent/Concerns/GuardsAttributes.php(181): Illuminate/Database/Console/Seeds/SeedCommand->{closure:Illuminate/Database/Console/Seeds/SeedCommand::handle():70}()
#28 C:/Users/dimas/Downloads/gasngalam_web_malang_fixed (1)/gasngalam_malang/backend/vendor/laravel/framework/src/Illuminate/Database/Console/Seeds/SeedCommand.php(70): Illuminate/Database/Eloquent/Model::unguarded()
#29 C:/Users/dimas/Downloads/gasngalam_web_malang_fixed (1)/gasngalam_malang/backend/vendor/laravel/framework/src/Illuminate/Container/BoundMethod.php(36): Illuminate/Database/Console/Seeds/SeedCommand->handle()
#30 C:/Users/dimas/Downloads/gasngalam_web_malang_fixed (1)/gasngalam_malang/backend/vendor/laravel/framework/src/Illuminate/Container/Util.php(43): Illuminate/Container/BoundMethod::{closure:Illuminate/Container/BoundMethod::call():35}()
#31 C:/Users/dimas/Downloads/gasngalam_web_malang_fixed (1)/gasngalam_malang/backend/vendor/laravel/framework/src/Illuminate/Container/BoundMethod.php(96): Illuminate/Container/Util::unwrapIfClosure()
#32 C:/Users/dimas/Downloads/gasngalam_web_malang_fixed (1)/gasngalam_malang/backend/vendor/laravel/framework/src/Illuminate/Container/BoundMethod.php(35): Illuminate/Container/BoundMethod::callBoundMethod()
#33 C:/Users/dimas/Downloads/gasngalam_web_malang_fixed (1)/gasngalam_malang/backend/vendor/laravel/framework/src/Illuminate/Container/Container.php(799): Illuminate/Container/BoundMethod::call()
#34 C:/Users/dimas/Downloads/gasngalam_web_malang_fixed (1)/gasngalam_malang/backend/vendor/laravel/framework/src/Illuminate/Console/Command.php(280): Illuminate/Container/Container->call()
#35 C:/Users/dimas/Downloads/gasngalam_web_malang_fixed (1)/gasngalam_malang/backend/vendor/symfony/console/Command/Command.php(291): Illuminate/Console/Command->execute()
#36 C:/Users/dimas/Downloads/gasngalam_web_malang_fixed (1)/gasngalam_malang/backend/vendor/laravel/framework/src/Illuminate/Console/Command.php(249): Symfony/Component/Console/Command/Command->run()
#37 C:/Users/dimas/Downloads/gasngalam_web_malang_fixed (1)/gasngalam_malang/backend/vendor/laravel/framework/src/Illuminate/Console/Concerns/CallsCommands.php(68): Illuminate/Console/Command->run()
#38 C:/Users/dimas/Downloads/gasngalam_web_malang_fixed (1)/gasngalam_malang/backend/vendor/laravel/framework/src/Illuminate/Console/Concerns/CallsCommands.php(29): Illuminate/Console/Command->runCommand()
#39 C:/Users/dimas/Downloads/gasngalam_web_malang_fixed (1)/gasngalam_malang/backend/vendor/laravel/framework/src/Illuminate/Database/Console/Migrations/MigrateCommand.php(127): Illuminate/Console/Command->call()
#40 C:/Users/dimas/Downloads/gasngalam_web_malang_fixed (1)/gasngalam_malang/backend/vendor/laravel/framework/src/Illuminate/Database/Migrations/Migrator.php(671): Illuminate/Database/Console/Migrations/MigrateCommand->{closure:Illuminate/Database/Console/Migrations/MigrateCommand::runMigrations():111}()
#41 C:/Users/dimas/Downloads/gasngalam_web_malang_fixed (1)/gasngalam_malang/backend/vendor/laravel/framework/src/Illuminate/Database/Console/Migrations/MigrateCommand.php(111): Illuminate/Database/Migrations/Migrator->usingConnection()
#42 C:/Users/dimas/Downloads/gasngalam_web_malang_fixed (1)/gasngalam_malang/backend/vendor/laravel/framework/src/Illuminate/Database/Console/Migrations/MigrateCommand.php(90): Illuminate/Database/Console/Migrations/MigrateCommand->runMigrations()
#43 C:/Users/dimas/Downloads/gasngalam_web_malang_fixed (1)/gasngalam_malang/backend/vendor/laravel/framework/src/Illuminate/Container/BoundMethod.php(36): Illuminate/Database/Console/Migrations/MigrateCommand->handle()
#44 C:/Users/dimas/Downloads/gasngalam_web_malang_fixed (1)/gasngalam_malang/backend/vendor/laravel/framework/src/Illuminate/Container/Util.php(43): Illuminate/Container/BoundMethod::{closure:Illuminate/Container/BoundMethod::call():35}()
#45 C:/Users/dimas/Downloads/gasngalam_web_malang_fixed (1)/gasngalam_malang/backend/vendor/laravel/framework/src/Illuminate/Container/BoundMethod.php(96): Illuminate/Container/Util::unwrapIfClosure()
#46 C:/Users/dimas/Downloads/gasngalam_web_malang_fixed (1)/gasngalam_malang/backend/vendor/laravel/framework/src/Illuminate/Container/BoundMethod.php(35): Illuminate/Container/BoundMethod::callBoundMethod()
#47 C:/Users/dimas/Downloads/gasngalam_web_malang_fixed (1)/gasngalam_malang/backend/vendor/laravel/framework/src/Illuminate/Container/Container.php(799): Illuminate/Container/BoundMethod::call()
#48 C:/Users/dimas/Downloads/gasngalam_web_malang_fixed (1)/gasngalam_malang/backend/vendor/laravel/framework/src/Illuminate/Console/Command.php(280): Illuminate/Container/Container->call()
#49 C:/Users/dimas/Downloads/gasngalam_web_malang_fixed (1)/gasngalam_malang/backend/vendor/symfony/console/Command/Command.php(291): Illuminate/Console/Command->execute()
#50 C:/Users/dimas/Downloads/gasngalam_web_malang_fixed (1)/gasngalam_malang/backend/vendor/laravel/framework/src/Illuminate/Console/Command.php(249): Symfony/Component/Console/Command/Command->run()
#51 C:/Users/dimas/Downloads/gasngalam_web_malang_fixed (1)/gasngalam_malang/backend/vendor/symfony/console/Application.php(1107): Illuminate/Console/Command->run()
#52 C:/Users/dimas/Downloads/gasngalam_web_malang_fixed (1)/gasngalam_malang/backend/vendor/symfony/console/Application.php(356): Symfony/Component/Console/Application->doRunCommand()
#53 C:/Users/dimas/Downloads/gasngalam_web_malang_fixed (1)/gasngalam_malang/backend/vendor/symfony/console/Application.php(195): Symfony/Component/Console/Application->doRun()
#54 C:/Users/dimas/Downloads/gasngalam_web_malang_fixed (1)/gasngalam_malang/backend/vendor/laravel/framework/src/Illuminate/Foundation/Console/Kernel.php(198): Symfony/Component/Console/Application->run()
#55 C:/Users/dimas/Downloads/gasngalam_web_malang_fixed (1)/gasngalam_malang/backend/vendor/laravel/framework/src/Illuminate/Foundation/Application.php(1235): Illuminate/Foundation/Console/Kernel->handle()
#56 C:/Users/dimas/Downloads/gasngalam_web_malang_fixed (1)/gasngalam_malang/backend/artisan(16): Illuminate/Foundation/Application->handleCommand()
#57 {main}
"} 
